Flow report for ULA
Wed Nov 14 10:37:20 2018
Quartus II 64-Bit Version 13.0.1 Build 232 06/12/2013 Service Pack 1 SJ Web Edition


---------------------
; Table of Contents ;
---------------------
  1. Legal Notice
  2. Flow Summary
  3. Flow Settings
  4. Flow Non-Default Global Settings
  5. Flow Elapsed Time
  6. Flow OS Summary
  7. Flow Log
  8. Flow Messages
  9. Flow Suppressed Messages



----------------
; Legal Notice ;
----------------
Copyright (C) 1991-2013 Altera Corporation
Your use of Altera Corporation's design tools, logic functions 
and other software and tools, and its AMPP partner logic 
functions, and any output files from any of the foregoing 
(including device programming or simulation files), and any 
associated documentation or information are expressly subject 
to the terms and conditions of the Altera Program License 
Subscription Agreement, Altera MegaCore Function License 
Agreement, or other applicable license agreement, including, 
without limitation, that your use is for the sole purpose of 
programming logic devices manufactured by Altera and sold by 
Altera or its authorized distributors.  Please refer to the 
applicable agreement for further details.



+---------------------------------------------------------------------------------------+
; Flow Summary                                                                          ;
+-------------------------------------+-------------------------------------------------+
; Flow Status                         ; Successful - Wed Nov 14 10:37:20 2018           ;
; Quartus II 64-Bit Version           ; 13.0.1 Build 232 06/12/2013 SP 1 SJ Web Edition ;
; Revision Name                       ; ULA                                             ;
; Top-level Entity Name               ; subtrator8bits_B_A                              ;
; Family                              ; Cyclone V                                       ;
; Device                              ; 5CGXFC7C7F23C8                                  ;
; Timing Models                       ; Final                                           ;
; Logic utilization (in ALMs)         ; 11 / 56,480 ( < 1 % )                           ;
; Total registers                     ; 0                                               ;
; Total pins                          ; 26 / 268 ( 10 % )                               ;
; Total virtual pins                  ; 0                                               ;
; Total block memory bits             ; 0 / 7,024,640 ( 0 % )                           ;
; Total DSP Blocks                    ; 0 / 156 ( 0 % )                                 ;
; Total HSSI RX PCSs                  ; 0 / 6 ( 0 % )                                   ;
; Total HSSI PMA RX Deserializers     ; 0 / 6 ( 0 % )                                   ;
; Total HSSI PMA RX ATT Deserializers ; 0                                               ;
; Total HSSI TX PCSs                  ; 0 / 6 ( 0 % )                                   ;
; Total HSSI PMA TX Serializers       ; 0 / 6 ( 0 % )                                   ;
; Total HSSI PMA TX ATT Serializers   ; 0 / 6 ( 0 % )                                   ;
; Total PLLs                          ; 0 / 13 ( 0 % )                                  ;
; Total DLLs                          ; 0 / 4 ( 0 % )                                   ;
+-------------------------------------+-------------------------------------------------+


+-----------------------------------------+
; Flow Settings                           ;
+-------------------+---------------------+
; Option            ; Setting             ;
+-------------------+---------------------+
; Start date & time ; 11/14/2018 10:25:59 ;
; Main task         ; Compilation         ;
; Revision Name     ; ULA                 ;
+-------------------+---------------------+


+-----------------------------------------------------------------------------------------------------------------------------------+
; Flow Non-Default Global Settings                                                                                                  ;
+-------------------------------------+---------------------------------------+---------------+--------------------+----------------+
; Assignment Name                     ; Value                                 ; Default Value ; Entity Name        ; Section Id     ;
+-------------------------------------+---------------------------------------+---------------+--------------------+----------------+
; COMPILER_SIGNATURE_ID               ; 622593838830.154219835801124          ; --            ; --                 ; --             ;
; EDA_GENERATE_FUNCTIONAL_NETLIST     ; On                                    ; --            ; --                 ; eda_simulation ;
; EDA_OUTPUT_DATA_FORMAT              ; Verilog Hdl                           ; --            ; --                 ; eda_simulation ;
; EDA_SIMULATION_TOOL                 ; ModelSim-Altera (Verilog)             ; <None>        ; --                 ; --             ;
; EDA_TIME_SCALE                      ; 1 ps                                  ; --            ; --                 ; eda_simulation ;
; MAX_CORE_JUNCTION_TEMP              ; 85                                    ; --            ; --                 ; --             ;
; MIN_CORE_JUNCTION_TEMP              ; 0                                     ; --            ; --                 ; --             ;
; PARTITION_COLOR                     ; 16764057                              ; --            ; subtrator8bits_B_A ; Top            ;
; PARTITION_FITTER_PRESERVATION_LEVEL ; PLACEMENT_AND_ROUTING                 ; --            ; subtrator8bits_B_A ; Top            ;
; PARTITION_NETLIST_TYPE              ; SOURCE                                ; --            ; subtrator8bits_B_A ; Top            ;
; POWER_BOARD_THERMAL_MODEL           ; None (CONSERVATIVE)                   ; --            ; --                 ; --             ;
; POWER_PRESET_COOLING_SOLUTION       ; 23 MM HEAT SINK WITH 200 LFPM AIRFLOW ; --            ; --                 ; --             ;
; PROJECT_OUTPUT_DIRECTORY            ; output_files                          ; --            ; --                 ; --             ;
; TOP_LEVEL_ENTITY                    ; subtrator8bits_B_A                    ; ULA           ; --                 ; --             ;
+-------------------------------------+---------------------------------------+---------------+--------------------+----------------+


+-------------------------------------------------------------------------------------------------------------------------------+
; Flow Elapsed Time                                                                                                             ;
+---------------------------+--------------+-------------------------+---------------------+------------------------------------+
; Module Name               ; Elapsed Time ; Average Processors Used ; Peak Virtual Memory ; Total CPU Time (on all processors) ;
+---------------------------+--------------+-------------------------+---------------------+------------------------------------+
; Analysis & Synthesis      ; 00:00:06     ; 1.0                     ; 486 MB              ; 00:00:05                           ;
; Fitter                    ; 00:04:00     ; 1.0                     ; 1815 MB             ; 00:03:50                           ;
; Assembler                 ; 00:00:47     ; 1.0                     ; 646 MB              ; 00:00:41                           ;
; TimeQuest Timing Analyzer ; 00:00:31     ; 1.0                     ; 1032 MB             ; 00:00:28                           ;
; EDA Netlist Writer        ; 00:00:04     ; 1.0                     ; 449 MB              ; 00:00:03                           ;
; EDA Netlist Writer        ; 00:00:04     ; 1.0                     ; 461 MB              ; 00:00:04                           ;
; EDA Netlist Writer        ; 00:00:04     ; 1.0                     ; 461 MB              ; 00:00:04                           ;
; Total                     ; 00:05:36     ; --                      ; --                  ; 00:05:15                           ;
+---------------------------+--------------+-------------------------+---------------------+------------------------------------+


+----------------------------------------------------------------------------------------+
; Flow OS Summary                                                                        ;
+---------------------------+------------------+-----------+------------+----------------+
; Module Name               ; Machine Hostname ; OS Name   ; OS Version ; Processor type ;
+---------------------------+------------------+-----------+------------+----------------+
; Analysis & Synthesis      ; Geovanio         ; Windows 7 ; 6.2        ; x86_64         ;
; Fitter                    ; Geovanio         ; Windows 7 ; 6.2        ; x86_64         ;
; Assembler                 ; Geovanio         ; Windows 7 ; 6.2        ; x86_64         ;
; TimeQuest Timing Analyzer ; Geovanio         ; Windows 7 ; 6.2        ; x86_64         ;
; EDA Netlist Writer        ; Geovanio         ; Windows 7 ; 6.2        ; x86_64         ;
; EDA Netlist Writer        ; Geovanio         ; Windows 7 ; 6.2        ; x86_64         ;
; EDA Netlist Writer        ; Geovanio         ; Windows 7 ; 6.2        ; x86_64         ;
+---------------------------+------------------+-----------+------------+----------------+


------------
; Flow Log ;
------------
quartus_map --read_settings_files=on --write_settings_files=off ULA -c ULA
quartus_fit --read_settings_files=off --write_settings_files=off ULA -c ULA
quartus_asm --read_settings_files=off --write_settings_files=off ULA -c ULA
quartus_sta ULA -c ULA
quartus_eda --read_settings_files=off --write_settings_files=off ULA -c ULA
quartus_eda --gen_testbench --check_outputs=on --tool=modelsim_oem --format=verilog ULA -c ULA --vector_source=C:/Users/Geo/Desktop/ULA/subtrator8bits_B_A.vwf --testbench_file=./simulation/qsim/ULA.vt
quartus_eda --functional=on --simulation=on --tool=modelsim_oem --format=verilog ULA -c ULA



